<!DOCTYPE html PUBLIC "-//W3C//DTD XHTML 1.0 Transitional//EN" "http://www.w3.org/TR/xhtml1/DTD/xhtml1-transitional.dtd">
<!-- Generated by Apache Maven Doxia Site Renderer 1.8.1 from org.apache.maven.plugins:maven-surefire-report-plugin:3.0.0-M5:report at 2020-10-23 -->
<html xmlns="http://www.w3.org/1999/xhtml" xml:lang="en" lang="en">
  <head>
    <meta http-equiv="Content-Type" content="text/html; charset=UTF-8" />
    <title>jenkins-junit-reports &#x2013; Surefire Report</title>
    <style type="text/css" media="all">
      @import url("./css/maven-base.css");
      @import url("./css/maven-theme.css");
      @import url("./css/site.css");
    </style>
    <link rel="stylesheet" href="./css/print.css" type="text/css" media="print" />
    <meta http-equiv="Content-Language" content="en" />
    
  </head>
  <body class="composite">
    <div id="banner">
<div id="bannerLeft">
jenkins-junit-reports
</div>
      <div class="clear">
        <hr/>
      </div>
    </div>
    <div id="breadcrumbs">
      <div class="xleft">
        <span id="publishDate">Last Published: 2020-10-23</span>
          &nbsp;| <span id="projectVersion">Version: 1.0-RELEASE</span>
      </div>
      <div class="xright"><a href="${project.url}" title="jenkins-junit-reports">jenkins-junit-reports</a>      </div>
      <div class="clear">
        <hr/>
      </div>
    </div>
    <div id="leftColumn">
      <div id="navcolumn">
       <h5>Project Documentation</h5>
    <ul>
     <li class="collapsed"><a href="project-info.html" title="Project Information">Project Information</a></li>
     <li class="expanded"><a href="project-reports.html" title="Project Reports">Project Reports</a>
      <ul>
       <li class="none"><strong>Surefire Report</strong></li>
      </ul></li>
    </ul>
      <a href="http://maven.apache.org/" title="Built by Maven" class="poweredBy">
        <img class="poweredBy" alt="Built by Maven" src="./images/logos/maven-feather.png" />
      </a>
      </div>
    </div>
    <div id="bodyColumn">
      <div id="contentBox">
<script type="application/javascript">
//<![CDATA[
function toggleDisplay(elementId) {
 var elm = document.getElementById(elementId + '-error');
 if (elm == null) {
  elm = document.getElementById(elementId + '-failure');
 }
 if (elm && typeof elm.style != "undefined") {
  if (elm.style.display == "none") {
   elm.style.display = "";
   document.getElementById(elementId + '-off').style.display = "none";
   document.getElementById(elementId + '-on').style.display = "inline";
  } else if (elm.style.display == "") {   elm.style.display = "none";
   document.getElementById(elementId + '-off').style.display = "inline";
   document.getElementById(elementId + '-on').style.display = "none";
  } 
 } 
 }
//]]>
</script>
<div class="section">
<h2><a name="Surefire_Report"></a>Surefire Report</h2></div>
<div class="section">
<h2><a name="Summary"></a>Summary</h2><a name="Summary"></a>
<p>[<a href="#Summary">Summary</a>] [<a href="#Package_List">Package List</a>] [<a href="#Test_Cases">Test Cases</a>]</p><br />
<table border="1" class="bodyTable">
<tr class="a">
<th>Tests</th>
<th>Errors</th>
<th>Failures</th>
<th>Skipped</th>
<th>Success Rate</th>
<th>Time</th></tr>
<tr class="b">
<td>3</td>
<td>1</td>
<td>0</td>
<td>1</td>
<td>33.333%</td>
<td>21.881</td></tr></table><br />
<p>Note: failures are anticipated and checked for with assertions while errors are unanticipated.</p><br /></div>
<div class="section">
<h2><a name="Package_List"></a>Package List</h2><a name="Package_List"></a>
<p>[<a href="#Summary">Summary</a>] [<a href="#Package_List">Package List</a>] [<a href="#Test_Cases">Test Cases</a>]</p><br />
<table border="1" class="bodyTable">
<tr class="a">
<th>Package</th>
<th>Tests</th>
<th>Errors</th>
<th>Failures</th>
<th>Skipped</th>
<th>Success Rate</th>
<th>Time</th></tr>
<tr class="b">
<td><a href="#com.simplilearn.workshop">com.simplilearn.workshop</a></td>
<td>3</td>
<td>1</td>
<td>0</td>
<td>1</td>
<td>33.333%</td>
<td>21.881</td></tr></table><br />
<p>Note: package statistics are not computed recursively, they only sum up all of its testsuites numbers.</p>
<div class="section">
<h3><a name="com.simplilearn.workshop"></a>com.simplilearn.workshop</h3><a name="com.simplilearn.workshop"></a>
<table border="1" class="bodyTable">
<tr class="a">
<th></th>
<th>Class</th>
<th>Tests</th>
<th>Errors</th>
<th>Failures</th>
<th>Skipped</th>
<th>Success Rate</th>
<th>Time</th></tr>
<tr class="b">
<td><a href="#com.simplilearn.workshop.JenkinsJUnitTest"><img src="images/icon_error_sml.gif" alt="" /></a></td>
<td><a href="#com.simplilearn.workshop.JenkinsJUnitTest">JenkinsJUnitTest</a></td>
<td>3</td>
<td>1</td>
<td>0</td>
<td>1</td>
<td>33.333%</td>
<td>21.881</td></tr></table></div><br /></div>
<div class="section">
<h2><a name="Test_Cases"></a>Test Cases</h2><a name="Test_Cases"></a>
<p>[<a href="#Summary">Summary</a>] [<a href="#Package_List">Package List</a>] [<a href="#Test_Cases">Test Cases</a>]</p>
<div class="section">
<h3><a name="JenkinsJUnitTest"></a>JenkinsJUnitTest</h3><a name="com.simplilearn.workshop.JenkinsJUnitTest"></a>
<table border="1" class="bodyTable">
<tr class="a">
<td><a href="#com.simplilearn.workshop.JenkinsJUnitTest.testCaseFailed"><img src="images/icon_error_sml.gif" alt="" /></a></td>
<td><a name="TC_com.simplilearn.workshop.JenkinsJUnitTest.testCaseFailed"></a><a href="#com.simplilearn.workshop.JenkinsJUnitTest.testCaseFailed">testCaseFailed</a>
<div class="detailToggle" style="display:inline"><a href="javascript:toggleDisplay('com.simplilearn.workshop.JenkinsJUnitTest.testCaseFailed');"><span style="display:inline;" id="com.simplilearn.workshop.JenkinsJUnitTest.testCaseFailed-off"> + </span><span style="display:none;" id="com.simplilearn.workshop.JenkinsJUnitTest.testCaseFailed-on"> - </span>[ Detail ]</a></div></td>
<td>16.138</td></tr>
<tr class="b">
<td></td>
<td>Unable to locate element: //form[@id='failed case']
For documentation on this error, please visit: http://seleniumhq.org/exceptions/no_such_element.html
Build info: version: '3.10.0', revision: '176b4a9', time: '2018-03-02T19:03:16.397Z'
System info: host: 'ubuntu1804', ip: '172.17.0.31', os.name: 'Linux', os.arch: 'amd64', os.version: '4.4.0-139-generic', java.version: '1.8.0_265'
Driver info: org.openqa.selenium.firefox.FirefoxDriver
Capabilities {acceptInsecureCerts: true, browserName: firefox, browserVersion: 74.0, javascriptEnabled: true, moz:accessibilityChecks: false, moz:buildID: 20200309095159, moz:geckodriverVersion: 0.27.0, moz:headless: true, moz:processID: 14135, moz:profile: /tmp/rust_mozprofileI1AYiW, moz:shutdownTimeout: 60000, moz:useNonSpecCompliantPointerOrigin: false, moz:webdriverClick: true, pageLoadStrategy: normal, platform: LINUX, platformName: LINUX, platformVersion: 4.4.0-139-generic, rotatable: false, setWindowRect: true, strictFileInteractability: false, timeouts: {implicit: 0, pageLoad: 300000, script: 30000}, unhandledPromptBehavior: dismiss and notify}
Session ID: 1c60c74e-5230-4bbc-b911-51395fbf383a
*** Element info: {Using=xpath, value=//form[@id='failed case']}</td>
<td></td></tr>
<tr class="a">
<td></td>
<td>
<div id="com.simplilearn.workshop.JenkinsJUnitTest.testCaseFailed-error" style="display:none;">
<div>
<pre>org.openqa.selenium.NoSuchElementException: 
Unable to locate element: //form[@id='failed case']
For documentation on this error, please visit: http://seleniumhq.org/exceptions/no_such_element.html
Build info: version: '3.10.0', revision: '176b4a9', time: '2018-03-02T19:03:16.397Z'
System info: host: 'ubuntu1804', ip: '172.17.0.31', os.name: 'Linux', os.arch: 'amd64', os.version: '4.4.0-139-generic', java.version: '1.8.0_265'
Driver info: org.openqa.selenium.firefox.FirefoxDriver
Capabilities {acceptInsecureCerts: true, browserName: firefox, browserVersion: 74.0, javascriptEnabled: true, moz:accessibilityChecks: false, moz:buildID: 20200309095159, moz:geckodriverVersion: 0.27.0, moz:headless: true, moz:processID: 14135, moz:profile: /tmp/rust_mozprofileI1AYiW, moz:shutdownTimeout: 60000, moz:useNonSpecCompliantPointerOrigin: false, moz:webdriverClick: true, pageLoadStrategy: normal, platform: LINUX, platformName: LINUX, platformVersion: 4.4.0-139-generic, rotatable: false, setWindowRect: true, strictFileInteractability: false, timeouts: {implicit: 0, pageLoad: 300000, script: 30000}, unhandledPromptBehavior: dismiss and notify}
Session ID: 1c60c74e-5230-4bbc-b911-51395fbf383a
*** Element info: {Using=xpath, value=//form[@id='failed case']}
	at com.simplilearn.workshop.JenkinsJUnitTest.testCaseFailed(JenkinsJUnitTest.java:51)
</pre></div></div></td>
<td></td></tr>
<tr class="b">
<td><img src="images/icon_success_sml.gif" alt="" /></td>
<td><a name="TC_com.simplilearn.workshop.JenkinsJUnitTest.testCasePassed"></a>testCasePassed</td>
<td>5.705</td></tr>
<tr class="a">
<td><a href="#com.simplilearn.workshop.JenkinsJUnitTest.testCaseIgnored"><img src="images/icon_warning_sml.gif" alt="" /></a></td>
<td><a name="TC_com.simplilearn.workshop.JenkinsJUnitTest.testCaseIgnored"></a><a href="#com.simplilearn.workshop.JenkinsJUnitTest.testCaseIgnored">testCaseIgnored</a>
<div class="detailToggle" style="display:inline"><a href="javascript:toggleDisplay('com.simplilearn.workshop.JenkinsJUnitTest.testCaseIgnored');"><span style="display:inline;" id="com.simplilearn.workshop.JenkinsJUnitTest.testCaseIgnored-off"> + </span><span style="display:none;" id="com.simplilearn.workshop.JenkinsJUnitTest.testCaseIgnored-on"> - </span>[ Detail ]</a></div></td>
<td>0</td></tr>
<tr class="b">
<td></td>
<td>skipped</td>
<td></td></tr></table></div><br /></div>
<div class="section">
<h2><a name="Failure_Details"></a>Failure Details</h2><a name="Failure_Details"></a>
<p>[<a href="#Summary">Summary</a>] [<a href="#Package_List">Package List</a>] [<a href="#Test_Cases">Test Cases</a>]</p><br />
<table border="1" class="bodyTable">
<tr class="a">
<td><img src="images/icon_error_sml.gif" alt="" /></td>
<td><a name="com.simplilearn.workshop.JenkinsJUnitTest.testCaseFailed"></a>testCaseFailed</td></tr>
<tr class="b">
<td></td>
<td>org.openqa.selenium.NoSuchElementException: Unable to locate element: //form[@id='failed case']
For documentation on this error, please visit: http://seleniumhq.org/exceptions/no_such_element.html
Build info: version: '3.10.0', revision: '176b4a9', time: '2018-03-02T19:03:16.397Z'
System info: host: 'ubuntu1804', ip: '172.17.0.31', os.name: 'Linux', os.arch: 'amd64', os.version: '4.4.0-139-generic', java.version: '1.8.0_265'
Driver info: org.openqa.selenium.firefox.FirefoxDriver
Capabilities {acceptInsecureCerts: true, browserName: firefox, browserVersion: 74.0, javascriptEnabled: true, moz:accessibilityChecks: false, moz:buildID: 20200309095159, moz:geckodriverVersion: 0.27.0, moz:headless: true, moz:processID: 14135, moz:profile: /tmp/rust_mozprofileI1AYiW, moz:shutdownTimeout: 60000, moz:useNonSpecCompliantPointerOrigin: false, moz:webdriverClick: true, pageLoadStrategy: normal, platform: LINUX, platformName: LINUX, platformVersion: 4.4.0-139-generic, rotatable: false, setWindowRect: true, strictFileInteractability: false, timeouts: {implicit: 0, pageLoad: 300000, script: 30000}, unhandledPromptBehavior: dismiss and notify}
Session ID: 1c60c74e-5230-4bbc-b911-51395fbf383a
*** Element info: {Using=xpath, value=//form[@id='failed case']}</td></tr>
<tr class="a">
<td></td>
<td>
<div id="testCaseFailed-error">com.simplilearn.workshop.JenkinsJUnitTest:51</div></td></tr>
<tr class="b">
<td><img src="images/icon_warning_sml.gif" alt="" /></td>
<td><a name="com.simplilearn.workshop.JenkinsJUnitTest.testCaseIgnored"></a>testCaseIgnored</td></tr>
<tr class="a">
<td></td>
<td>skipped: skipped</td></tr></table><br /></div>
      </div>
    </div>
    <div class="clear">
      <hr/>
    </div>
    <div id="footer">
      <div class="xright">
        Copyright &#169;      2020.All rights reserved.      </div>
      <div class="clear">
        <hr/>
      </div>
    </div>
  </body>
</html>
